[2017-04-25 02:56:59] local.ERROR: InvalidArgumentException: View [welcome] not found. in C:\Users\Tuitt Batch 4\Desktop\Capstone\vendor\laravel\framework\src\Illuminate\View\FileViewFinder.php:137
Stack trace:
#0 C:\Users\Tuitt Batch 4\Desktop\Capstone\vendor\laravel\framework\src\Illuminate\View\FileViewFinder.php(79): Illuminate\View\FileViewFinder->findInPaths('welcome', Array)
#1 C:\Users\Tuitt Batch 4\Desktop\Capstone\vendor\laravel\framework\src\Illuminate\View\Factory.php(128): Illuminate\View\FileViewFinder->find('welcome')
#2 C:\Users\Tuitt Batch 4\Desktop\Capstone\vendor\laravel\framework\src\Illuminate\Foundation\helpers.php(917): Illuminate\View\Factory->make('welcome', Array, Array)
#3 C:\Users\Tuitt Batch 4\Desktop\Capstone\routes\web.php(19): view('welcome')
#4 C:\Users\Tuitt Batch 4\Desktop\Capstone\vendor\laravel\framework\src\Illuminate\Routing\Route.php(189): Illuminate\Routing\Router->{closure}()
#5 C:\Users\Tuitt Batch 4\Desktop\Capstone\vendor\laravel\framework\src\Illuminate\Routing\Route.php(163): Illuminate\Routing\Route->runCallable()
#6 C:\Users\Tuitt Batch 4\Desktop\Capstone\vendor\laravel\framework\src\Illuminate\Routing\Router.php(559): Illuminate\Routing\Route->run()
#7 C:\Users\Tuitt Batch 4\Desktop\Capstone\vendor\laravel\framework\src\Illuminate\Routing\Pipeline.php(30): Illuminate\Routing\Router->Illuminate\Routing\{closure}(Object(Illuminate\Http\Request))
#8 C:\Users\Tuitt Batch 4\Desktop\Capstone\vendor\laravel\framework\src\Illuminate\Routing\Middleware\SubstituteBindings.php(41): Illuminate\Routing\Pipeline->Illuminate\Routing\{closure}(Object(Illuminate\Http\Request))
#9 C:\Users\Tuitt Batch 4\Desktop\Capstone\vendor\laravel\framework\src\Illuminate\Pipeline\Pipeline.php(148): Illuminate\Routing\Middleware\SubstituteBindings->handle(Object(Illuminate\Http\Request), Object(Closure))
#10 C:\Users\Tuitt Batch 4\Desktop\Capstone\vendor\laravel\framework\src\Illuminate\Routing\Pipeline.php(53): Illuminate\Pipeline\Pipeline->Illuminate\Pipeline\{closure}(Object(Illuminate\Http\Request))
#11 C:\Users\Tuitt Batch 4\Desktop\Capstone\vendor\laravel\framework\src\Illuminate\Foundation\Http\Middleware\VerifyCsrfToken.php(65): Illuminate\Routing\Pipeline->Illuminate\Routing\{closure}(Object(Illuminate\Http\Request))
#12 C:\Users\Tuitt Batch 4\Desktop\Capstone\vendor\laravel\framework\src\Illuminate\Pipeline\Pipeline.php(148): Illuminate\Foundation\Http\Middleware\VerifyCsrfToken->handle(Object(Illuminate\Http\Request), Object(Closure))
#13 C:\Users\Tuitt Batch 4\Desktop\Capstone\vendor\laravel\framework\src\Illuminate\Routing\Pipeline.php(53): Illuminate\Pipeline\Pipeline->Illuminate\Pipeline\{closure}(Object(Illuminate\Http\Request))
#14 C:\Users\Tuitt Batch 4\Desktop\Capstone\vendor\laravel\framework\src\Illuminate\View\Middleware\ShareErrorsFromSession.php(49): Illuminate\Routing\Pipeline->Illuminate\Routing\{closure}(Object(Illuminate\Http\Request))
#15 C:\Users\Tuitt Batch 4\Desktop\Capstone\vendor\laravel\framework\src\Illuminate\Pipeline\Pipeline.php(148): Illuminate\View\Middleware\ShareErrorsFromSession->handle(Object(Illuminate\Http\Request), Object(Closure))
#16 C:\Users\Tuitt Batch 4\Desktop\Capstone\vendor\laravel\framework\src\Illuminate\Routing\Pipeline.php(53): Illuminate\Pipeline\Pipeline->Illuminate\Pipeline\{closure}(Object(Illuminate\Http\Request))
#17 C:\Users\Tuitt Batch 4\Desktop\Capstone\vendor\laravel\framework\src\Illuminate\Session\Middleware\StartSession.php(64): Illuminate\Routing\Pipeline->Illuminate\Routing\{closure}(Object(Illuminate\Http\Request))
#18 C:\Users\Tuitt Batch 4\Desktop\Capstone\vendor\laravel\framework\src\Illuminate\Pipeline\Pipeline.php(148): Illuminate\Session\Middleware\StartSession->handle(Object(Illuminate\Http\Request), Object(Closure))
#19 C:\Users\Tuitt Batch 4\Desktop\Capstone\vendor\laravel\framework\src\Illuminate\Routing\Pipeline.php(53): Illuminate\Pipeline\Pipeline->Illuminate\Pipeline\{closure}(Object(Illuminate\Http\Request))
#20 C:\Users\Tuitt Batch 4\Desktop\Capstone\vendor\laravel\framework\src\Illuminate\Cookie\Middleware\AddQueuedCookiesToResponse.php(37): Illuminate\Routing\Pipeline->Illuminate\Routing\{closure}(Object(Illuminate\Http\Request))
#21 C:\Users\Tuitt Batch 4\Desktop\Capstone\vendor\laravel\framework\src\Illuminate\Pipeline\Pipeline.php(148): Illuminate\Cookie\Middleware\AddQueuedCookiesToResponse->handle(Object(Illuminate\Http\Request), Object(Closure))
#22 C:\Users\Tuitt Batch 4\Desktop\Capstone\vendor\laravel\framework\src\Illuminate\Routing\Pipeline.php(53): Illuminate\Pipeline\Pipeline->Illuminate\Pipeline\{closure}(Object(Illuminate\Http\Request))
#23 C:\Users\Tuitt Batch 4\Desktop\Capstone\vendor\laravel\framework\src\Illuminate\Cookie\Middleware\EncryptCookies.php(59): Illuminate\Routing\Pipeline->Illuminate\Routing\{closure}(Object(Illuminate\Http\Request))
#24 C:\Users\Tuitt Batch 4\Desktop\Capstone\vendor\laravel\framework\src\Illuminate\Pipeline\Pipeline.php(148): Illuminate\Cookie\Middleware\EncryptCookies->handle(Object(Illuminate\Http\Request), Object(Closure))
#25 C:\Users\Tuitt Batch 4\Desktop\Capstone\vendor\laravel\framework\src\Illuminate\Routing\Pipeline.php(53): Illuminate\Pipeline\Pipeline->Illuminate\Pipeline\{closure}(Object(Illuminate\Http\Request))
#26 C:\Users\Tuitt Batch 4\Desktop\Capstone\vendor\laravel\framework\src\Illuminate\Pipeline\Pipeline.php(102): Illuminate\Routing\Pipeline->Illuminate\Routing\{closure}(Object(Illuminate\Http\Request))
#27 C:\Users\Tuitt Batch 4\Desktop\Capstone\vendor\laravel\framework\src\Illuminate\Routing\Router.php(561): Illuminate\Pipeline\Pipeline->then(Object(Closure))
#28 C:\Users\Tuitt Batch 4\Desktop\Capstone\vendor\laravel\framework\src\Illuminate\Routing\Router.php(520): Illuminate\Routing\Router->runRouteWithinStack(Object(Illuminate\Routing\Route), Object(Illuminate\Http\Request))
#29 C:\Users\Tuitt Batch 4\Desktop\Capstone\vendor\laravel\framework\src\Illuminate\Routing\Router.php(498): Illuminate\Routing\Router->dispatchToRoute(Object(Illuminate\Http\Request))
#30 C:\Users\Tuitt Batch 4\Desktop\Capstone\vendor\laravel\framework\src\Illuminate\Foundation\Http\Kernel.php(174): Illuminate\Routing\Router->dispatch(Object(Illuminate\Http\Request))
#31 C:\Users\Tuitt Batch 4\Desktop\Capstone\vendor\laravel\framework\src\Illuminate\Routing\Pipeline.php(30): Illuminate\Foundation\Http\Kernel->Illuminate\Foundation\Http\{closure}(Object(Illuminate\Http\Request))
#32 C:\Users\Tuitt Batch 4\Desktop\Capstone\vendor\laravel\framework\src\Illuminate\Foundation\Http\Middleware\TransformsRequest.php(30): Illuminate\Routing\Pipeline->Illuminate\Routing\{closure}(Object(Illuminate\Http\Request))
#33 C:\Users\Tuitt Batch 4\Desktop\Capstone\vendor\laravel\framework\src\Illuminate\Pipeline\Pipeline.php(148): Illuminate\Foundation\Http\Middleware\TransformsRequest->handle(Object(Illuminate\Http\Request), Object(Closure))
#34 C:\Users\Tuitt Batch 4\Desktop\Capstone\vendor\laravel\framework\src\Illuminate\Routing\Pipeline.php(53): Illuminate\Pipeline\Pipeline->Illuminate\Pipeline\{closure}(Object(Illuminate\Http\Request))
#35 C:\Users\Tuitt Batch 4\Desktop\Capstone\vendor\laravel\framework\src\Illuminate\Foundation\Http\Middleware\TransformsRequest.php(30): Illuminate\Routing\Pipeline->Illuminate\Routing\{closure}(Object(Illuminate\Http\Request))
#36 C:\Users\Tuitt Batch 4\Desktop\Capstone\vendor\laravel\framework\src\Illuminate\Pipeline\Pipeline.php(148): Illuminate\Foundation\Http\Middleware\TransformsRequest->handle(Object(Illuminate\Http\Request), Object(Closure))
#37 C:\Users\Tuitt Batch 4\Desktop\Capstone\vendor\laravel\framework\src\Illuminate\Routing\Pipeline.php(53): Illuminate\Pipeline\Pipeline->Illuminate\Pipeline\{closure}(Object(Illuminate\Http\Request))
#38 C:\Users\Tuitt Batch 4\Desktop\Capstone\vendor\laravel\framework\src\Illuminate\Foundation\Http\Middleware\ValidatePostSize.php(27): Illuminate\Routing\Pipeline->Illuminate\Routing\{closure}(Object(Illuminate\Http\Request))
#39 C:\Users\Tuitt Batch 4\Desktop\Capstone\vendor\laravel\framework\src\Illuminate\Pipeline\Pipeline.php(148): Illuminate\Foundation\Http\Middleware\ValidatePostSize->handle(Object(Illuminate\Http\Request), Object(Closure))
#40 C:\Users\Tuitt Batch 4\Desktop\Capstone\vendor\laravel\framework\src\Illuminate\Routing\Pipeline.php(53): Illuminate\Pipeline\Pipeline->Illuminate\Pipeline\{closure}(Object(Illuminate\Http\Request))
#41 C:\Users\Tuitt Batch 4\Desktop\Capstone\vendor\laravel\framework\src\Illuminate\Foundation\Http\Middleware\CheckForMaintenanceMode.php(46): Illuminate\Routing\Pipeline->Illuminate\Routing\{closure}(Object(Illuminate\Http\Request))
#42 C:\Users\Tuitt Batch 4\Desktop\Capstone\vendor\laravel\framework\src\Illuminate\Pipeline\Pipeline.php(148): Illuminate\Foundation\Http\Middleware\CheckForMaintenanceMode->handle(Object(Illuminate\Http\Request), Object(Closure))
#43 C:\Users\Tuitt Batch 4\Desktop\Capstone\vendor\laravel\framework\src\Illuminate\Routing\Pipeline.php(53): Illuminate\Pipeline\Pipeline->Illuminate\Pipeline\{closure}(Object(Illuminate\Http\Request))
#44 C:\Users\Tuitt Batch 4\Desktop\Capstone\vendor\laravel\framework\src\Illuminate\Pipeline\Pipeline.php(102): Illuminate\Routing\Pipeline->Illuminate\Routing\{closure}(Object(Illuminate\Http\Request))
#45 C:\Users\Tuitt Batch 4\Desktop\Capstone\vendor\laravel\framework\src\Illuminate\Foundation\Http\Kernel.php(149): Illuminate\Pipeline\Pipeline->then(Object(Closure))
#46 C:\Users\Tuitt Batch 4\Desktop\Capstone\vendor\laravel\framework\src\Illuminate\Foundation\Http\Kernel.php(116): Illuminate\Foundation\Http\Kernel->sendRequestThroughRouter(Object(Illuminate\Http\Request))
#47 C:\Users\Tuitt Batch 4\Desktop\Capstone\public\index.php(53): Illuminate\Foundation\Http\Kernel->handle(Object(Illuminate\Http\Request))
#48 C:\Users\Tuitt Batch 4\Desktop\Capstone\server.php(21): require_once('C:\\Users\\Tuitt ...')
#49 {main}  
[2017-04-25 07:53:41] local.ERROR: PDOException: SQLSTATE[HY000] [1045] Access denied for user 'homestead'@'localhost' (using password: YES) in C:\Users\Tuitt Batch 4\Desktop\Capstone\vendor\laravel\framework\src\Illuminate\Database\Connectors\Connector.php:68
Stack trace:
#0 C:\Users\Tuitt Batch 4\Desktop\Capstone\vendor\laravel\framework\src\Illuminate\Database\Connectors\Connector.php(68): PDO->__construct('mysql:host=127....', 'homestead', 'secret', Array)
#1 C:\Users\Tuitt Batch 4\Desktop\Capstone\vendor\laravel\framework\src\Illuminate\Database\Connectors\Connector.php(43): Illuminate\Database\Connectors\Connector->createPdoConnection('mysql:host=127....', 'homestead', 'secret', Array)
#2 C:\Users\Tuitt Batch 4\Desktop\Capstone\vendor\laravel\framework\src\Illuminate\Database\Connectors\MySqlConnector.php(24): Illuminate\Database\Connectors\Connector->createConnection('mysql:host=127....', Array, Array)
#3 C:\Users\Tuitt Batch 4\Desktop\Capstone\vendor\laravel\framework\src\Illuminate\Database\Connectors\ConnectionFactory.php(183): Illuminate\Database\Connectors\MySqlConnector->connect(Array)
#4 [internal function]: Illuminate\Database\Connectors\ConnectionFactory->Illuminate\Database\Connectors\{closure}()
#5 C:\Users\Tuitt Batch 4\Desktop\Capstone\vendor\laravel\framework\src\Illuminate\Database\Connection.php(882): call_user_func(Object(Closure))
#6 C:\Users\Tuitt Batch 4\Desktop\Capstone\vendor\laravel\framework\src\Illuminate\Database\Connection.php(392): Illuminate\Database\Connection->getPdo()
#7 C:\Users\Tuitt Batch 4\Desktop\Capstone\vendor\laravel\framework\src\Illuminate\Database\Connection.php(318): Illuminate\Database\Connection->getPdoForSelect(false)
#8 C:\Users\Tuitt Batch 4\Desktop\Capstone\vendor\laravel\framework\src\Illuminate\Database\Connection.php(640): Illuminate\Database\Connection->Illuminate\Database\{closure}('select count(*)...', Array)
#9 C:\Users\Tuitt Batch 4\Desktop\Capstone\vendor\laravel\framework\src\Illuminate\Database\Connection.php(607): Illuminate\Database\Connection->runQueryCallback('select count(*)...', Array, Object(Closure))
#10 C:\Users\Tuitt Batch 4\Desktop\Capstone\vendor\laravel\framework\src\Illuminate\Database\Connection.php(326): Illuminate\Database\Connection->run('select count(*)...', Array, Object(Closure))
#11 C:\Users\Tuitt Batch 4\Desktop\Capstone\vendor\laravel\framework\src\Illuminate\Database\Query\Builder.php(1709): Illuminate\Database\Connection->select('select count(*)...', Array, false)
#12 C:\Users\Tuitt Batch 4\Desktop\Capstone\vendor\laravel\framework\src\Illuminate\Database\Query\Builder.php(1694): Illuminate\Database\Query\Builder->runSelect()
#13 C:\Users\Tuitt Batch 4\Desktop\Capstone\vendor\laravel\framework\src\Illuminate\Database\Query\Builder.php(2029): Illuminate\Database\Query\Builder->get(Array)
#14 C:\Users\Tuitt Batch 4\Desktop\Capstone\vendor\laravel\framework\src\Illuminate\Database\Query\Builder.php(1957): Illuminate\Database\Query\Builder->aggregate('count', Array)
#15 C:\Users\Tuitt Batch 4\Desktop\Capstone\vendor\laravel\framework\src\Illuminate\Validation\DatabasePresenceVerifier.php(55): Illuminate\Database\Query\Builder->count()
#16 C:\Users\Tuitt Batch 4\Desktop\Capstone\vendor\laravel\framework\src\Illuminate\Validation\Concerns\ValidatesAttributes.php(612): Illuminate\Validation\DatabasePresenceVerifier->getCount('users', 'email', 'peejay@email.co...', NULL, NULL, Array)
#17 C:\Users\Tuitt Batch 4\Desktop\Capstone\vendor\laravel\framework\src\Illuminate\Validation\Validator.php(338): Illuminate\Validation\Validator->validateUnique('email', 'peejay@email.co...', Array, Object(Illuminate\Validation\Validator))
#18 C:\Users\Tuitt Batch 4\Desktop\Capstone\vendor\laravel\framework\src\Illuminate\Validation\Validator.php(253): Illuminate\Validation\Validator->validateAttribute('email', 'Unique')
#19 C:\Users\Tuitt Batch 4\Desktop\Capstone\vendor\laravel\framework\src\Illuminate\Validation\Validator.php(278): Illuminate\Validation\Validator->passes()
#20 C:\Users\Tuitt Batch 4\Desktop\Capstone\vendor\laravel\framework\src\Illuminate\Validation\Validator.php(290): Illuminate\Validation\Validator->fails()
#21 C:\Users\Tuitt Batch 4\Desktop\Capstone\vendor\laravel\framework\src\Illuminate\Foundation\Auth\RegistersUsers.php(31): Illuminate\Validation\Validator->validate()
#22 [internal function]: App\Http\Controllers\Auth\RegisterController->register(Object(Illuminate\Http\Request))
#23 C:\Users\Tuitt Batch 4\Desktop\Capstone\vendor\laravel\framework\src\Illuminate\Routing\Controller.php(55): call_user_func_array(Array, Array)
#24 C:\Users\Tuitt Batch 4\Desktop\Capstone\vendor\laravel\framework\src\Illuminate\Routing\ControllerDispatcher.php(44): Illuminate\Routing\Controller->callAction('register', Array)
#25 C:\Users\Tuitt Batch 4\Desktop\Capstone\vendor\laravel\framework\src\Illuminate\Routing\Route.php(203): Illuminate\Routing\ControllerDispatcher->dispatch(Object(Illuminate\Routing\Route), Object(App\Http\Controllers\Auth\RegisterController), 'register')
#26 C:\Users\Tuitt Batch 4\Desktop\Capstone\vendor\laravel\framework\src\Illuminate\Routing\Route.php(160): Illuminate\Routing\Route->runController()
#27 C:\Users\Tuitt Batch 4\Desktop\Capstone\vendor\laravel\framework\src\Illuminate\Routing\Router.php(559): Illuminate\Routing\Route->run()
#28 C:\Users\Tuitt Batch 4\Desktop\Capstone\vendor\laravel\framework\src\Illuminate\Routing\Pipeline.php(30): Illuminate\Routing\Router->Illuminate\Routing\{closure}(Object(Illuminate\Http\Request))
#29 C:\Users\Tuitt Batch 4\Desktop\Capstone\app\Http\Middleware\RedirectIfAuthenticated.php(24): Illuminate\Routing\Pipeline->Illuminate\Routing\{closure}(Object(Illuminate\Http\Request))
#30 C:\Users\Tuitt Batch 4\Desktop\Capstone\vendor\laravel\framework\src\Illuminate\Pipeline\Pipeline.php(148): App\Http\Middleware\RedirectIfAuthenticated->handle(Object(Illuminate\Http\Request), Object(Closure))
#31 C:\Users\Tuitt Batch 4\Desktop\Capstone\vendor\laravel\framework\src\Illuminate\Routing\Pipeline.php(53): Illuminate\Pipeline\Pipeline->Illuminate\Pipeline\{closure}(Object(Illuminate\Http\Request))
#32 C:\Users\Tuitt Batch 4\Desktop\Capstone\vendor\laravel\framework\src\Illuminate\Routing\Middleware\SubstituteBindings.php(41): Illuminate\Routing\Pipeline->Illuminate\Routing\{closure}(Object(Illuminate\Http\Request))
#33 C:\Users\Tuitt Batch 4\Desktop\Capstone\vendor\laravel\framework\src\Illuminate\Pipeline\Pipeline.php(148): Illuminate\Routing\Middleware\SubstituteBindings->handle(Object(Illuminate\Http\Request), Object(Closure))
#34 C:\Users\Tuitt Batch 4\Desktop\Capstone\vendor\laravel\framework\src\Illuminate\Routing\Pipeline.php(53): Illuminate\Pipeline\Pipeline->Illuminate\Pipeline\{closure}(Object(Illuminate\Http\Request))
#35 C:\Users\Tuitt Batch 4\Desktop\Capstone\vendor\laravel\framework\src\Illuminate\Foundation\Http\Middleware\VerifyCsrfToken.php(65): Illuminate\Routing\Pipeline->Illuminate\Routing\{closure}(Object(Illuminate\Http\Request))
#36 C:\Users\Tuitt Batch 4\Desktop\Capstone\vendor\laravel\framework\src\Illuminate\Pipeline\Pipeline.php(148): Illuminate\Foundation\Http\Middleware\VerifyCsrfToken->handle(Object(Illuminate\Http\Request), Object(Closure))
#37 C:\Users\Tuitt Batch 4\Desktop\Capstone\vendor\laravel\framework\src\Illuminate\Routing\Pipeline.php(53): Illuminate\Pipeline\Pipeline->Illuminate\Pipeline\{closure}(Object(Illuminate\Http\Request))
#38 C:\Users\Tuitt Batch 4\Desktop\Capstone\vendor\laravel\framework\src\Illuminate\View\Middleware\ShareErrorsFromSession.php(49): Illuminate\Routing\Pipeline->Illuminate\Routing\{closure}(Object(Illuminate\Http\Request))
#39 C:\Users\Tuitt Batch 4\Desktop\Capstone\vendor\laravel\framework\src\Illuminate\Pipeline\Pipeline.php(148): Illuminate\View\Middleware\ShareErrorsFromSession->handle(Object(Illuminate\Http\Request), Object(Closure))
#40 C:\Users\Tuitt Batch 4\Desktop\Capstone\vendor\laravel\framework\src\Illuminate\Routing\Pipeline.php(53): Illuminate\Pipeline\Pipeline->Illuminate\Pipeline\{closure}(Object(Illuminate\Http\Request))
#41 C:\Users\Tuitt Batch 4\Desktop\Capstone\vendor\laravel\framework\src\Illuminate\Session\Middleware\StartSession.php(64): Illuminate\Routing\Pipeline->Illuminate\Routing\{closure}(Object(Illuminate\Http\Request))
#42 C:\Users\Tuitt Batch 4\Desktop\Capstone\vendor\laravel\framework\src\Illuminate\Pipeline\Pipeline.php(148): Illuminate\Session\Middleware\StartSession->handle(Object(Illuminate\Http\Request), Object(Closure))
#43 C:\Users\Tuitt Batch 4\Desktop\Capstone\vendor\laravel\framework\src\Illuminate\Routing\Pipeline.php(53): Illuminate\Pipeline\Pipeline->Illuminate\Pipeline\{closure}(Object(Illuminate\Http\Request))
#44 C:\Users\Tuitt Batch 4\Desktop\Capstone\vendor\laravel\framework\src\Illuminate\Cookie\Middleware\AddQueuedCookiesToResponse.php(37): Illuminate\Routing\Pipeline->Illuminate\Routing\{closure}(Object(Illuminate\Http\Request))
#45 C:\Users\Tuitt Batch 4\Desktop\Capstone\vendor\laravel\framework\src\Illuminate\Pipeline\Pipeline.php(148): Illuminate\Cookie\Middleware\AddQueuedCookiesToResponse->handle(Object(Illuminate\Http\Request), Object(Closure))
#46 C:\Users\Tuitt Batch 4\Desktop\Capstone\vendor\laravel\framework\src\Illuminate\Routing\Pipeline.php(53): Illuminate\Pipeline\Pipeline->Illuminate\Pipeline\{closure}(Object(Illuminate\Http\Request))
#47 C:\Users\Tuitt Batch 4\Desktop\Capstone\vendor\laravel\framework\src\Illuminate\Cookie\Middleware\EncryptCookies.php(59): Illuminate\Routing\Pipeline->Illuminate\Routing\{closure}(Object(Illuminate\Http\Request))
#48 C:\Users\Tuitt Batch 4\Desktop\Capstone\vendor\laravel\framework\src\Illuminate\Pipeline\Pipeline.php(148): Illuminate\Cookie\Middleware\EncryptCookies->handle(Object(Illuminate\Http\Request), Object(Closure))
#49 C:\Users\Tuitt Batch 4\Desktop\Capstone\vendor\laravel\framework\src\Illuminate\Routing\Pipeline.php(53): Illuminate\Pipeline\Pipeline->Illuminate\Pipeline\{closure}(Object(Illuminate\Http\Request))
#50 C:\Users\Tuitt Batch 4\Desktop\Capstone\vendor\laravel\framework\src\Illuminate\Pipeline\Pipeline.php(102): Illuminate\Routing\Pipeline->Illuminate\Routing\{closure}(Object(Illuminate\Http\Request))
#51 C:\Users\Tuitt Batch 4\Desktop\Capstone\vendor\laravel\framework\src\Illuminate\Routing\Router.php(561): Illuminate\Pipeline\Pipeline->then(Object(Closure))
#52 C:\Users\Tuitt Batch 4\Desktop\Capstone\vendor\laravel\framework\src\Illuminate\Routing\Router.php(520): Illuminate\Routing\Router->runRouteWithinStack(Object(Illuminate\Routing\Route), Object(Illuminate\Http\Request))
#53 C:\Users\Tuitt Batch 4\Desktop\Capstone\vendor\laravel\framework\src\Illuminate\Routing\Router.php(498): Illuminate\Routing\Router->dispatchToRoute(Object(Illuminate\Http\Request))
#54 C:\Users\Tuitt Batch 4\Desktop\Capstone\vendor\laravel\framework\src\Illuminate\Foundation\Http\Kernel.php(174): Illuminate\Routing\Router->dispatch(Object(Illuminate\Http\Request))
#55 C:\Users\Tuitt Batch 4\Desktop\Capstone\vendor\laravel\framework\src\Illuminate\Routing\Pipeline.php(30): Illuminate\Foundation\Http\Kernel->Illuminate\Foundation\Http\{closure}(Object(Illuminate\Http\Request))
#56 C:\Users\Tuitt Batch 4\Desktop\Capstone\vendor\laravel\framework\src\Illuminate\Foundation\Http\Middleware\TransformsRequest.php(30): Illuminate\Routing\Pipeline->Illuminate\Routing\{closure}(Object(Illuminate\Http\Request))
#57 C:\Users\Tuitt Batch 4\Desktop\Capstone\vendor\laravel\framework\src\Illuminate\Pipeline\Pipeline.php(148): Illuminate\Foundation\Http\Middleware\TransformsRequest->handle(Object(Illuminate\Http\Request), Object(Closure))
#58 C:\Users\Tuitt Batch 4\Desktop\Capstone\vendor\laravel\framework\src\Illuminate\Routing\Pipeline.php(53): Illuminate\Pipeline\Pipeline->Illuminate\Pipeline\{closure}(Object(Illuminate\Http\Request))
#59 C:\Users\Tuitt Batch 4\Desktop\Capstone\vendor\laravel\framework\src\Illuminate\Foundation\Http\Middleware\TransformsRequest.php(30): Illuminate\Routing\Pipeline->Illuminate\Routing\{closure}(Object(Illuminate\Http\Request))
#60 C:\Users\Tuitt Batch 4\Desktop\Capstone\vendor\laravel\framework\src\Illuminate\Pipeline\Pipeline.php(148): Illuminate\Foundation\Http\Middleware\TransformsRequest->handle(Object(Illuminate\Http\Request), Object(Closure))
#61 C:\Users\Tuitt Batch 4\Desktop\Capstone\vendor\laravel\framework\src\Illuminate\Routing\Pipeline.php(53): Illuminate\Pipeline\Pipeline->Illuminate\Pipeline\{closure}(Object(Illuminate\Http\Request))
#62 C:\Users\Tuitt Batch 4\Desktop\Capstone\vendor\laravel\framework\src\Illuminate\Foundation\Http\Middleware\ValidatePostSize.php(27): Illuminate\Routing\Pipeline->Illuminate\Routing\{closure}(Object(Illuminate\Http\Request))
#63 C:\Users\Tuitt Batch 4\Desktop\Capstone\vendor\laravel\framework\src\Illuminate\Pipeline\Pipeline.php(148): Illuminate\Foundation\Http\Middleware\ValidatePostSize->handle(Object(Illuminate\Http\Request), Object(Closure))
#64 C:\Users\Tuitt Batch 4\Desktop\Capstone\vendor\laravel\framework\src\Illuminate\Routing\Pipeline.php(53): Illuminate\Pipeline\Pipeline->Illuminate\Pipeline\{closure}(Object(Illuminate\Http\Request))
#65 C:\Users\Tuitt Batch 4\Desktop\Capstone\vendor\laravel\framework\src\Illuminate\Foundation\Http\Middleware\CheckForMaintenanceMode.php(46): Illuminate\Routing\Pipeline->Illuminate\Routing\{closure}(Object(Illuminate\Http\Request))
#66 C:\Users\Tuitt Batch 4\Desktop\Capstone\vendor\laravel\framework\src\Illuminate\Pipeline\Pipeline.php(148): Illuminate\Foundation\Http\Middleware\CheckForMaintenanceMode->handle(Object(Illuminate\Http\Request), Object(Closure))
#67 C:\Users\Tuitt Batch 4\Desktop\Capstone\vendor\laravel\framework\src\Illuminate\Routing\Pipeline.php(53): Illuminate\Pipeline\Pipeline->Illuminate\Pipeline\{closure}(Object(Illuminate\Http\Request))
#68 C:\Users\Tuitt Batch 4\Desktop\Capstone\vendor\laravel\framework\src\Illuminate\Pipeline\Pipeline.php(102): Illuminate\Routing\Pipeline->Illuminate\Routing\{closure}(Object(Illuminate\Http\Request))
#69 C:\Users\Tuitt Batch 4\Desktop\Capstone\vendor\laravel\framework\src\Illuminate\Foundation\Http\Kernel.php(149): Illuminate\Pipeline\Pipeline->then(Object(Closure))
#70 C:\Users\Tuitt Batch 4\Desktop\Capstone\vendor\laravel\framework\src\Illuminate\Foundation\Http\Kernel.php(116): Illuminate\Foundation\Http\Kernel->sendRequestThroughRouter(Object(Illuminate\Http\Request))
#71 C:\Users\Tuitt Batch 4\Desktop\Capstone\public\index.php(53): Illuminate\Foundation\Http\Kernel->handle(Object(Illuminate\Http\Request))
#72 C:\Users\Tuitt Batch 4\Desktop\Capstone\server.php(21): require_once('C:\\Users\\Tuitt ...')
#73 {main}  
[2017-04-25 07:53:41] local.ERROR: PDOException: SQLSTATE[HY000] [1045] Access denied for user 'homestead'@'localhost' (using password: YES) in C:\Users\Tuitt Batch 4\Desktop\Capstone\vendor\laravel\framework\src\Illuminate\Database\Connectors\Connector.php:68
Stack trace:
#0 C:\Users\Tuitt Batch 4\Desktop\Capstone\vendor\laravel\framework\src\Illuminate\Database\Connectors\Connector.php(68): PDO->__construct('mysql:host=127....', 'homestead', 'secret', Array)
#1 C:\Users\Tuitt Batch 4\Desktop\Capstone\vendor\laravel\framework\src\Illuminate\Database\Connectors\Connector.php(43): Illuminate\Database\Connectors\Connector->createPdoConnection('mysql:host=127....', 'homestead', 'secret', Array)
#2 C:\Users\Tuitt Batch 4\Desktop\Capstone\vendor\laravel\framework\src\Illuminate\Database\Connectors\MySqlConnector.php(24): Illuminate\Database\Connectors\Connector->createConnection('mysql:host=127....', Array, Array)
#3 C:\Users\Tuitt Batch 4\Desktop\Capstone\vendor\laravel\framework\src\Illuminate\Database\Connectors\ConnectionFactory.php(183): Illuminate\Database\Connectors\MySqlConnector->connect(Array)
#4 [internal function]: Illuminate\Database\Connectors\ConnectionFactory->Illuminate\Database\Connectors\{closure}()
#5 C:\Users\Tuitt Batch 4\Desktop\Capstone\vendor\laravel\framework\src\Illuminate\Database\Connection.php(882): call_user_func(Object(Closure))
#6 C:\Users\Tuitt Batch 4\Desktop\Capstone\vendor\laravel\framework\src\Illuminate\Database\Connection.php(392): Illuminate\Database\Connection->getPdo()
#7 C:\Users\Tuitt Batch 4\Desktop\Capstone\vendor\laravel\framework\src\Illuminate\Database\Connection.php(318): Illuminate\Database\Connection->getPdoForSelect(false)
#8 C:\Users\Tuitt Batch 4\Desktop\Capstone\vendor\laravel\framework\src\Illuminate\Database\Connection.php(640): Illuminate\Database\Connection->Illuminate\Database\{closure}('select count(*)...', Array)
#9 C:\Users\Tuitt Batch 4\Desktop\Capstone\vendor\laravel\framework\src\Illuminate\Database\Connection.php(607): Illuminate\Database\Connection->runQueryCallback('select count(*)...', Array, Object(Closure))
#10 C:\Users\Tuitt Batch 4\Desktop\Capstone\vendor\laravel\framework\src\Illuminate\Database\Connection.php(326): Illuminate\Database\Connection->run('select count(*)...', Array, Object(Closure))
#11 C:\Users\Tuitt Batch 4\Desktop\Capstone\vendor\laravel\framework\src\Illuminate\Database\Query\Builder.php(1709): Illuminate\Database\Connection->select('select count(*)...', Array, false)
#12 C:\Users\Tuitt Batch 4\Desktop\Capstone\vendor\laravel\framework\src\Illuminate\Database\Query\Builder.php(1694): Illuminate\Database\Query\Builder->runSelect()
#13 C:\Users\Tuitt Batch 4\Desktop\Capstone\vendor\laravel\framework\src\Illuminate\Database\Query\Builder.php(2029): Illuminate\Database\Query\Builder->get(Array)
#14 C:\Users\Tuitt Batch 4\Desktop\Capstone\vendor\laravel\framework\src\Illuminate\Database\Query\Builder.php(1957): Illuminate\Database\Query\Builder->aggregate('count', Array)
#15 C:\Users\Tuitt Batch 4\Desktop\Capstone\vendor\laravel\framework\src\Illuminate\Validation\DatabasePresenceVerifier.php(55): Illuminate\Database\Query\Builder->count()
#16 C:\Users\Tuitt Batch 4\Desktop\Capstone\vendor\laravel\framework\src\Illuminate\Validation\Concerns\ValidatesAttributes.php(612): Illuminate\Validation\DatabasePresenceVerifier->getCount('users', 'email', 'peejay@email.co...', NULL, NULL, Array)
#17 C:\Users\Tuitt Batch 4\Desktop\Capstone\vendor\laravel\framework\src\Illuminate\Validation\Validator.php(338): Illuminate\Validation\Validator->validateUnique('email', 'peejay@email.co...', Array, Object(Illuminate\Validation\Validator))
#18 C:\Users\Tuitt Batch 4\Desktop\Capstone\vendor\laravel\framework\src\Illuminate\Validation\Validator.php(253): Illuminate\Validation\Validator->validateAttribute('email', 'Unique')
#19 C:\Users\Tuitt Batch 4\Desktop\Capstone\vendor\laravel\framework\src\Illuminate\Validation\Validator.php(278): Illuminate\Validation\Validator->passes()
#20 C:\Users\Tuitt Batch 4\Desktop\Capstone\vendor\laravel\framework\src\Illuminate\Validation\Validator.php(290): Illuminate\Validation\Validator->fails()
#21 C:\Users\Tuitt Batch 4\Desktop\Capstone\vendor\laravel\framework\src\Illuminate\Foundation\Auth\RegistersUsers.php(31): Illuminate\Validation\Validator->validate()
#22 [internal function]: App\Http\Controllers\Auth\RegisterController->register(Object(Illuminate\Http\Request))
#23 C:\Users\Tuitt Batch 4\Desktop\Capstone\vendor\laravel\framework\src\Illuminate\Routing\Controller.php(55): call_user_func_array(Array, Array)
#24 C:\Users\Tuitt Batch 4\Desktop\Capstone\vendor\laravel\framework\src\Illuminate\Routing\ControllerDispatcher.php(44): Illuminate\Routing\Controller->callAction('register', Array)
#25 C:\Users\Tuitt Batch 4\Desktop\Capstone\vendor\laravel\framework\src\Illuminate\Routing\Route.php(203): Illuminate\Routing\ControllerDispatcher->dispatch(Object(Illuminate\Routing\Route), Object(App\Http\Controllers\Auth\RegisterController), 'register')
#26 C:\Users\Tuitt Batch 4\Desktop\Capstone\vendor\laravel\framework\src\Illuminate\Routing\Route.php(160): Illuminate\Routing\Route->runController()
#27 C:\Users\Tuitt Batch 4\Desktop\Capstone\vendor\laravel\framework\src\Illuminate\Routing\Router.php(559): Illuminate\Routing\Route->run()
#28 C:\Users\Tuitt Batch 4\Desktop\Capstone\vendor\laravel\framework\src\Illuminate\Routing\Pipeline.php(30): Illuminate\Routing\Router->Illuminate\Routing\{closure}(Object(Illuminate\Http\Request))
#29 C:\Users\Tuitt Batch 4\Desktop\Capstone\app\Http\Middleware\RedirectIfAuthenticated.php(24): Illuminate\Routing\Pipeline->Illuminate\Routing\{closure}(Object(Illuminate\Http\Request))
#30 C:\Users\Tuitt Batch 4\Desktop\Capstone\vendor\laravel\framework\src\Illuminate\Pipeline\Pipeline.php(148): App\Http\Middleware\RedirectIfAuthenticated->handle(Object(Illuminate\Http\Request), Object(Closure))
#31 C:\Users\Tuitt Batch 4\Desktop\Capstone\vendor\laravel\framework\src\Illuminate\Routing\Pipeline.php(53): Illuminate\Pipeline\Pipeline->Illuminate\Pipeline\{closure}(Object(Illuminate\Http\Request))
#32 C:\Users\Tuitt Batch 4\Desktop\Capstone\vendor\laravel\framework\src\Illuminate\Routing\Middleware\SubstituteBindings.php(41): Illuminate\Routing\Pipeline->Illuminate\Routing\{closure}(Object(Illuminate\Http\Request))
#33 C:\Users\Tuitt Batch 4\Desktop\Capstone\vendor\laravel\framework\src\Illuminate\Pipeline\Pipeline.php(148): Illuminate\Routing\Middleware\SubstituteBindings->handle(Object(Illuminate\Http\Request), Object(Closure))
#34 C:\Users\Tuitt Batch 4\Desktop\Capstone\vendor\laravel\framework\src\Illuminate\Routing\Pipeline.php(53): Illuminate\Pipeline\Pipeline->Illuminate\Pipeline\{closure}(Object(Illuminate\Http\Request))
#35 C:\Users\Tuitt Batch 4\Desktop\Capstone\vendor\laravel\framework\src\Illuminate\Foundation\Http\Middleware\VerifyCsrfToken.php(65): Illuminate\Routing\Pipeline->Illuminate\Routing\{closure}(Object(Illuminate\Http\Request))
#36 C:\Users\Tuitt Batch 4\Desktop\Capstone\vendor\laravel\framework\src\Illuminate\Pipeline\Pipeline.php(148): Illuminate\Foundation\Http\Middleware\VerifyCsrfToken->handle(Object(Illuminate\Http\Request), Object(Closure))
#37 C:\Users\Tuitt Batch 4\Desktop\Capstone\vendor\laravel\framework\src\Illuminate\Routing\Pipeline.php(53): Illuminate\Pipeline\Pipeline->Illuminate\Pipeline\{closure}(Object(Illuminate\Http\Request))
#38 C:\Users\Tuitt Batch 4\Desktop\Capstone\vendor\laravel\framework\src\Illuminate\View\Middleware\ShareErrorsFromSession.php(49): Illuminate\Routing\Pipeline->Illuminate\Routing\{closure}(Object(Illuminate\Http\Request))
#39 C:\Users\Tuitt Batch 4\Desktop\Capstone\vendor\laravel\framework\src\Illuminate\Pipeline\Pipeline.php(148): Illuminate\View\Middleware\ShareErrorsFromSession->handle(Object(Illuminate\Http\Request), Object(Closure))
#40 C:\Users\Tuitt Batch 4\Desktop\Capstone\vendor\laravel\framework\src\Illuminate\Routing\Pipeline.php(53): Illuminate\Pipeline\Pipeline->Illuminate\Pipeline\{closure}(Object(Illuminate\Http\Request))
#41 C:\Users\Tuitt Batch 4\Desktop\Capstone\vendor\laravel\framework\src\Illuminate\Session\Middleware\StartSession.php(64): Illuminate\Routing\Pipeline->Illuminate\Routing\{closure}(Object(Illuminate\Http\Request))
#42 C:\Users\Tuitt Batch 4\Desktop\Capstone\vendor\laravel\framework\src\Illuminate\Pipeline\Pipeline.php(148): Illuminate\Session\Middleware\StartSession->handle(Object(Illuminate\Http\Request), Object(Closure))
#43 C:\Users\Tuitt Batch 4\Desktop\Capstone\vendor\laravel\framework\src\Illuminate\Routing\Pipeline.php(53): Illuminate\Pipeline\Pipeline->Illuminate\Pipeline\{closure}(Object(Illuminate\Http\Request))
#44 C:\Users\Tuitt Batch 4\Desktop\Capstone\vendor\laravel\framework\src\Illuminate\Cookie\Middleware\AddQueuedCookiesToResponse.php(37): Illuminate\Routing\Pipeline->Illuminate\Routing\{closure}(Object(Illuminate\Http\Request))
#45 C:\Users\Tuitt Batch 4\Desktop\Capstone\vendor\laravel\framework\src\Illuminate\Pipeline\Pipeline.php(148): Illuminate\Cookie\Middleware\AddQueuedCookiesToResponse->handle(Object(Illuminate\Http\Request), Object(Closure))
#46 C:\Users\Tuitt Batch 4\Desktop\Capstone\vendor\laravel\framework\src\Illuminate\Routing\Pipeline.php(53): Illuminate\Pipeline\Pipeline->Illuminate\Pipeline\{closure}(Object(Illuminate\Http\Request))
#47 C:\Users\Tuitt Batch 4\Desktop\Capstone\vendor\laravel\framework\src\Illuminate\Cookie\Middleware\EncryptCookies.php(59): Illuminate\Routing\Pipeline->Illuminate\Routing\{closure}(Object(Illuminate\Http\Request))
#48 C:\Users\Tuitt Batch 4\Desktop\Capstone\vendor\laravel\framework\src\Illuminate\Pipeline\Pipeline.php(148): Illuminate\Cookie\Middleware\EncryptCookies->handle(Object(Illuminate\Http\Request), Object(Closure))
#49 C:\Users\Tuitt Batch 4\Desktop\Capstone\vendor\laravel\framework\src\Illuminate\Routing\Pipeline.php(53): Illuminate\Pipeline\Pipeline->Illuminate\Pipeline\{closure}(Object(Illuminate\Http\Request))
#50 C:\Users\Tuitt Batch 4\Desktop\Capstone\vendor\laravel\framework\src\Illuminate\Pipeline\Pipeline.php(102): Illuminate\Routing\Pipeline->Illuminate\Routing\{closure}(Object(Illuminate\Http\Request))
#51 C:\Users\Tuitt Batch 4\Desktop\Capstone\vendor\laravel\framework\src\Illuminate\Routing\Router.php(561): Illuminate\Pipeline\Pipeline->then(Object(Closure))
#52 C:\Users\Tuitt Batch 4\Desktop\Capstone\vendor\laravel\framework\src\Illuminate\Routing\Router.php(520): Illuminate\Routing\Router->runRouteWithinStack(Object(Illuminate\Routing\Route), Object(Illuminate\Http\Request))
#53 C:\Users\Tuitt Batch 4\Desktop\Capstone\vendor\laravel\framework\src\Illuminate\Routing\Router.php(498): Illuminate\Routing\Router->dispatchToRoute(Object(Illuminate\Http\Request))
#54 C:\Users\Tuitt Batch 4\Desktop\Capstone\vendor\laravel\framework\src\Illuminate\Foundation\Http\Kernel.php(174): Illuminate\Routing\Router->dispatch(Object(Illuminate\Http\Request))
#55 C:\Users\Tuitt Batch 4\Desktop\Capstone\vendor\laravel\framework\src\Illuminate\Routing\Pipeline.php(30): Illuminate\Foundation\Http\Kernel->Illuminate\Foundation\Http\{closure}(Object(Illuminate\Http\Request))
#56 C:\Users\Tuitt Batch 4\Desktop\Capstone\vendor\laravel\framework\src\Illuminate\Foundation\Http\Middleware\TransformsRequest.php(30): Illuminate\Routing\Pipeline->Illuminate\Routing\{closure}(Object(Illuminate\Http\Request))
#57 C:\Users\Tuitt Batch 4\Desktop\Capstone\vendor\laravel\framework\src\Illuminate\Pipeline\Pipeline.php(148): Illuminate\Foundation\Http\Middleware\TransformsRequest->handle(Object(Illuminate\Http\Request), Object(Closure))
#58 C:\Users\Tuitt Batch 4\Desktop\Capstone\vendor\laravel\framework\src\Illuminate\Routing\Pipeline.php(53): Illuminate\Pipeline\Pipeline->Illuminate\Pipeline\{closure}(Object(Illuminate\Http\Request))
#59 C:\Users\Tuitt Batch 4\Desktop\Capstone\vendor\laravel\framework\src\Illuminate\Foundation\Http\Middleware\TransformsRequest.php(30): Illuminate\Routing\Pipeline->Illuminate\Routing\{closure}(Object(Illuminate\Http\Request))
#60 C:\Users\Tuitt Batch 4\Desktop\Capstone\vendor\laravel\framework\src\Illuminate\Pipeline\Pipeline.php(148): Illuminate\Foundation\Http\Middleware\TransformsRequest->handle(Object(Illuminate\Http\Request), Object(Closure))
#61 C:\Users\Tuitt Batch 4\Desktop\Capstone\vendor\laravel\framework\src\Illuminate\Routing\Pipeline.php(53): Illuminate\Pipeline\Pipeline->Illuminate\Pipeline\{closure}(Object(Illuminate\Http\Request))
#62 C:\Users\Tuitt Batch 4\Desktop\Capstone\vendor\laravel\framework\src\Illuminate\Foundation\Http\Middleware\ValidatePostSize.php(27): Illuminate\Routing\Pipeline->Illuminate\Routing\{closure}(Object(Illuminate\Http\Request))
#63 C:\Users\Tuitt Batch 4\Desktop\Capstone\vendor\laravel\framework\src\Illuminate\Pipeline\Pipeline.php(148): Illuminate\Foundation\Http\Middleware\ValidatePostSize->handle(Object(Illuminate\Http\Request), Object(Closure))
#64 C:\Users\Tuitt Batch 4\Desktop\Capstone\vendor\laravel\framework\src\Illuminate\Routing\Pipeline.php(53): Illuminate\Pipeline\Pipeline->Illuminate\Pipeline\{closure}(Object(Illuminate\Http\Request))
#65 C:\Users\Tuitt Batch 4\Desktop\Capstone\vendor\laravel\framework\src\Illuminate\Foundation\Http\Middleware\CheckForMaintenanceMode.php(46): Illuminate\Routing\Pipeline->Illuminate\Routing\{closure}(Object(Illuminate\Http\Request))
#66 C:\Users\Tuitt Batch 4\Desktop\Capstone\vendor\laravel\framework\src\Illuminate\Pipeline\Pipeline.php(148): Illuminate\Foundation\Http\Middleware\CheckForMaintenanceMode->handle(Object(Illuminate\Http\Request), Object(Closure))
#67 C:\Users\Tuitt Batch 4\Desktop\Capstone\vendor\laravel\framework\src\Illuminate\Routing\Pipeline.php(53): Illuminate\Pipeline\Pipeline->Illuminate\Pipeline\{closure}(Object(Illuminate\Http\Request))
#68 C:\Users\Tuitt Batch 4\Desktop\Capstone\vendor\laravel\framework\src\Illuminate\Pipeline\Pipeline.php(102): Illuminate\Routing\Pipeline->Illuminate\Routing\{closure}(Object(Illuminate\Http\Request))
#69 C:\Users\Tuitt Batch 4\Desktop\Capstone\vendor\laravel\framework\src\Illuminate\Foundation\Http\Kernel.php(149): Illuminate\Pipeline\Pipeline->then(Object(Closure))
#70 C:\Users\Tuitt Batch 4\Desktop\Capstone\vendor\laravel\framework\src\Illuminate\Foundation\Http\Kernel.php(116): Illuminate\Foundation\Http\Kernel->sendRequestThroughRouter(Object(Illuminate\Http\Request))
#71 C:\Users\Tuitt Batch 4\Desktop\Capstone\public\index.php(53): Illuminate\Foundation\Http\Kernel->handle(Object(Illuminate\Http\Request))
#72 C:\Users\Tuitt Batch 4\Desktop\Capstone\server.php(21): require_once('C:\\Users\\Tuitt ...')
#73 {main}

Next Illuminate\Database\QueryException: SQLSTATE[HY000] [1045] Access denied for user 'homestead'@'localhost' (using password: YES) (SQL: select count(*) as aggregate from `users` where `email` = peejay@email.com) in C:\Users\Tuitt Batch 4\Desktop\Capstone\vendor\laravel\framework\src\Illuminate\Database\Connection.php:647
Stack trace:
#0 C:\Users\Tuitt Batch 4\Desktop\Capstone\vendor\laravel\framework\src\Illuminate\Database\Connection.php(607): Illuminate\Database\Connection->runQueryCallback('select count(*)...', Array, Object(Closure))
#1 C:\Users\Tuitt Batch 4\Desktop\Capstone\vendor\laravel\framework\src\Illuminate\Database\Connection.php(326): Illuminate\Database\Connection->run('select count(*)...', Array, Object(Closure))
#2 C:\Users\Tuitt Batch 4\Desktop\Capstone\vendor\laravel\framework\src\Illuminate\Database\Query\Builder.php(1709): Illuminate\Database\Connection->select('select count(*)...', Array, false)
#3 C:\Users\Tuitt Batch 4\Desktop\Capstone\vendor\laravel\framework\src\Illuminate\Database\Query\Builder.php(1694): Illuminate\Database\Query\Builder->runSelect()
#4 C:\Users\Tuitt Batch 4\Desktop\Capstone\vendor\laravel\framework\src\Illuminate\Database\Query\Builder.php(2029): Illuminate\Database\Query\Builder->get(Array)
#5 C:\Users\Tuitt Batch 4\Desktop\Capstone\vendor\laravel\framework\src\Illuminate\Database\Query\Builder.php(1957): Illuminate\Database\Query\Builder->aggregate('count', Array)
#6 C:\Users\Tuitt Batch 4\Desktop\Capstone\vendor\laravel\framework\src\Illuminate\Validation\DatabasePresenceVerifier.php(55): Illuminate\Database\Query\Builder->count()
#7 C:\Users\Tuitt Batch 4\Desktop\Capstone\vendor\laravel\framework\src\Illuminate\Validation\Concerns\ValidatesAttributes.php(612): Illuminate\Validation\DatabasePresenceVerifier->getCount('users', 'email', 'peejay@email.co...', NULL, NULL, Array)
#8 C:\Users\Tuitt Batch 4\Desktop\Capstone\vendor\laravel\framework\src\Illuminate\Validation\Validator.php(338): Illuminate\Validation\Validator->validateUnique('email', 'peejay@email.co...', Array, Object(Illuminate\Validation\Validator))
#9 C:\Users\Tuitt Batch 4\Desktop\Capstone\vendor\laravel\framework\src\Illuminate\Validation\Validator.php(253): Illuminate\Validation\Validator->validateAttribute('email', 'Unique')
#10 C:\Users\Tuitt Batch 4\Desktop\Capstone\vendor\laravel\framework\src\Illuminate\Validation\Validator.php(278): Illuminate\Validation\Validator->passes()
#11 C:\Users\Tuitt Batch 4\Desktop\Capstone\vendor\laravel\framework\src\Illuminate\Validation\Validator.php(290): Illuminate\Validation\Validator->fails()
#12 C:\Users\Tuitt Batch 4\Desktop\Capstone\vendor\laravel\framework\src\Illuminate\Foundation\Auth\RegistersUsers.php(31): Illuminate\Validation\Validator->validate()
#13 [internal function]: App\Http\Controllers\Auth\RegisterController->register(Object(Illuminate\Http\Request))
#14 C:\Users\Tuitt Batch 4\Desktop\Capstone\vendor\laravel\framework\src\Illuminate\Routing\Controller.php(55): call_user_func_array(Array, Array)
#15 C:\Users\Tuitt Batch 4\Desktop\Capstone\vendor\laravel\framework\src\Illuminate\Routing\ControllerDispatcher.php(44): Illuminate\Routing\Controller->callAction('register', Array)
#16 C:\Users\Tuitt Batch 4\Desktop\Capstone\vendor\laravel\framework\src\Illuminate\Routing\Route.php(203): Illuminate\Routing\ControllerDispatcher->dispatch(Object(Illuminate\Routing\Route), Object(App\Http\Controllers\Auth\RegisterController), 'register')
#17 C:\Users\Tuitt Batch 4\Desktop\Capstone\vendor\laravel\framework\src\Illuminate\Routing\Route.php(160): Illuminate\Routing\Route->runController()
#18 C:\Users\Tuitt Batch 4\Desktop\Capstone\vendor\laravel\framework\src\Illuminate\Routing\Router.php(559): Illuminate\Routing\Route->run()
#19 C:\Users\Tuitt Batch 4\Desktop\Capstone\vendor\laravel\framework\src\Illuminate\Routing\Pipeline.php(30): Illuminate\Routing\Router->Illuminate\Routing\{closure}(Object(Illuminate\Http\Request))
#20 C:\Users\Tuitt Batch 4\Desktop\Capstone\app\Http\Middleware\RedirectIfAuthenticated.php(24): Illuminate\Routing\Pipeline->Illuminate\Routing\{closure}(Object(Illuminate\Http\Request))
#21 C:\Users\Tuitt Batch 4\Desktop\Capstone\vendor\laravel\framework\src\Illuminate\Pipeline\Pipeline.php(148): App\Http\Middleware\RedirectIfAuthenticated->handle(Object(Illuminate\Http\Request), Object(Closure))
#22 C:\Users\Tuitt Batch 4\Desktop\Capstone\vendor\laravel\framework\src\Illuminate\Routing\Pipeline.php(53): Illuminate\Pipeline\Pipeline->Illuminate\Pipeline\{closure}(Object(Illuminate\Http\Request))
#23 C:\Users\Tuitt Batch 4\Desktop\Capstone\vendor\laravel\framework\src\Illuminate\Routing\Middleware\SubstituteBindings.php(41): Illuminate\Routing\Pipeline->Illuminate\Routing\{closure}(Object(Illuminate\Http\Request))
#24 C:\Users\Tuitt Batch 4\Desktop\Capstone\vendor\laravel\framework\src\Illuminate\Pipeline\Pipeline.php(148): Illuminate\Routing\Middleware\SubstituteBindings->handle(Object(Illuminate\Http\Request), Object(Closure))
#25 C:\Users\Tuitt Batch 4\Desktop\Capstone\vendor\laravel\framework\src\Illuminate\Routing\Pipeline.php(53): Illuminate\Pipeline\Pipeline->Illuminate\Pipeline\{closure}(Object(Illuminate\Http\Request))
#26 C:\Users\Tuitt Batch 4\Desktop\Capstone\vendor\laravel\framework\src\Illuminate\Foundation\Http\Middleware\VerifyCsrfToken.php(65): Illuminate\Routing\Pipeline->Illuminate\Routing\{closure}(Object(Illuminate\Http\Request))
#27 C:\Users\Tuitt Batch 4\Desktop\Capstone\vendor\laravel\framework\src\Illuminate\Pipeline\Pipeline.php(148): Illuminate\Foundation\Http\Middleware\VerifyCsrfToken->handle(Object(Illuminate\Http\Request), Object(Closure))
#28 C:\Users\Tuitt Batch 4\Desktop\Capstone\vendor\laravel\framework\src\Illuminate\Routing\Pipeline.php(53): Illuminate\Pipeline\Pipeline->Illuminate\Pipeline\{closure}(Object(Illuminate\Http\Request))
#29 C:\Users\Tuitt Batch 4\Desktop\Capstone\vendor\laravel\framework\src\Illuminate\View\Middleware\ShareErrorsFromSession.php(49): Illuminate\Routing\Pipeline->Illuminate\Routing\{closure}(Object(Illuminate\Http\Request))
#30 C:\Users\Tuitt Batch 4\Desktop\Capstone\vendor\laravel\framework\src\Illuminate\Pipeline\Pipeline.php(148): Illuminate\View\Middleware\ShareErrorsFromSession->handle(Object(Illuminate\Http\Request), Object(Closure))
#31 C:\Users\Tuitt Batch 4\Desktop\Capstone\vendor\laravel\framework\src\Illuminate\Routing\Pipeline.php(53): Illuminate\Pipeline\Pipeline->Illuminate\Pipeline\{closure}(Object(Illuminate\Http\Request))
#32 C:\Users\Tuitt Batch 4\Desktop\Capstone\vendor\laravel\framework\src\Illuminate\Session\Middleware\StartSession.php(64): Illuminate\Routing\Pipeline->Illuminate\Routing\{closure}(Object(Illuminate\Http\Request))
#33 C:\Users\Tuitt Batch 4\Desktop\Capstone\vendor\laravel\framework\src\Illuminate\Pipeline\Pipeline.php(148): Illuminate\Session\Middleware\StartSession->handle(Object(Illuminate\Http\Request), Object(Closure))
#34 C:\Users\Tuitt Batch 4\Desktop\Capstone\vendor\laravel\framework\src\Illuminate\Routing\Pipeline.php(53): Illuminate\Pipeline\Pipeline->Illuminate\Pipeline\{closure}(Object(Illuminate\Http\Request))
#35 C:\Users\Tuitt Batch 4\Desktop\Capstone\vendor\laravel\framework\src\Illuminate\Cookie\Middleware\AddQueuedCookiesToResponse.php(37): Illuminate\Routing\Pipeline->Illuminate\Routing\{closure}(Object(Illuminate\Http\Request))
#36 C:\Users\Tuitt Batch 4\Desktop\Capstone\vendor\laravel\framework\src\Illuminate\Pipeline\Pipeline.php(148): Illuminate\Cookie\Middleware\AddQueuedCookiesToResponse->handle(Object(Illuminate\Http\Request), Object(Closure))
#37 C:\Users\Tuitt Batch 4\Desktop\Capstone\vendor\laravel\framework\src\Illuminate\Routing\Pipeline.php(53): Illuminate\Pipeline\Pipeline->Illuminate\Pipeline\{closure}(Object(Illuminate\Http\Request))
#38 C:\Users\Tuitt Batch 4\Desktop\Capstone\vendor\laravel\framework\src\Illuminate\Cookie\Middleware\EncryptCookies.php(59): Illuminate\Routing\Pipeline->Illuminate\Routing\{closure}(Object(Illuminate\Http\Request))
#39 C:\Users\Tuitt Batch 4\Desktop\Capstone\vendor\laravel\framework\src\Illuminate\Pipeline\Pipeline.php(148): Illuminate\Cookie\Middleware\EncryptCookies->handle(Object(Illuminate\Http\Request), Object(Closure))
#40 C:\Users\Tuitt Batch 4\Desktop\Capstone\vendor\laravel\framework\src\Illuminate\Routing\Pipeline.php(53): Illuminate\Pipeline\Pipeline->Illuminate\Pipeline\{closure}(Object(Illuminate\Http\Request))
#41 C:\Users\Tuitt Batch 4\Desktop\Capstone\vendor\laravel\framework\src\Illuminate\Pipeline\Pipeline.php(102): Illuminate\Routing\Pipeline->Illuminate\Routing\{closure}(Object(Illuminate\Http\Request))
#42 C:\Users\Tuitt Batch 4\Desktop\Capstone\vendor\laravel\framework\src\Illuminate\Routing\Router.php(561): Illuminate\Pipeline\Pipeline->then(Object(Closure))
#43 C:\Users\Tuitt Batch 4\Desktop\Capstone\vendor\laravel\framework\src\Illuminate\Routing\Router.php(520): Illuminate\Routing\Router->runRouteWithinStack(Object(Illuminate\Routing\Route), Object(Illuminate\Http\Request))
#44 C:\Users\Tuitt Batch 4\Desktop\Capstone\vendor\laravel\framework\src\Illuminate\Routing\Router.php(498): Illuminate\Routing\Router->dispatchToRoute(Object(Illuminate\Http\Request))
#45 C:\Users\Tuitt Batch 4\Desktop\Capstone\vendor\laravel\framework\src\Illuminate\Foundation\Http\Kernel.php(174): Illuminate\Routing\Router->dispatch(Object(Illuminate\Http\Request))
#46 C:\Users\Tuitt Batch 4\Desktop\Capstone\vendor\laravel\framework\src\Illuminate\Routing\Pipeline.php(30): Illuminate\Foundation\Http\Kernel->Illuminate\Foundation\Http\{closure}(Object(Illuminate\Http\Request))
#47 C:\Users\Tuitt Batch 4\Desktop\Capstone\vendor\laravel\framework\src\Illuminate\Foundation\Http\Middleware\TransformsRequest.php(30): Illuminate\Routing\Pipeline->Illuminate\Routing\{closure}(Object(Illuminate\Http\Request))
#48 C:\Users\Tuitt Batch 4\Desktop\Capstone\vendor\laravel\framework\src\Illuminate\Pipeline\Pipeline.php(148): Illuminate\Foundation\Http\Middleware\TransformsRequest->handle(Object(Illuminate\Http\Request), Object(Closure))
#49 C:\Users\Tuitt Batch 4\Desktop\Capstone\vendor\laravel\framework\src\Illuminate\Routing\Pipeline.php(53): Illuminate\Pipeline\Pipeline->Illuminate\Pipeline\{closure}(Object(Illuminate\Http\Request))
#50 C:\Users\Tuitt Batch 4\Desktop\Capstone\vendor\laravel\framework\src\Illuminate\Foundation\Http\Middleware\TransformsRequest.php(30): Illuminate\Routing\Pipeline->Illuminate\Routing\{closure}(Object(Illuminate\Http\Request))
#51 C:\Users\Tuitt Batch 4\Desktop\Capstone\vendor\laravel\framework\src\Illuminate\Pipeline\Pipeline.php(148): Illuminate\Foundation\Http\Middleware\TransformsRequest->handle(Object(Illuminate\Http\Request), Object(Closure))
#52 C:\Users\Tuitt Batch 4\Desktop\Capstone\vendor\laravel\framework\src\Illuminate\Routing\Pipeline.php(53): Illuminate\Pipeline\Pipeline->Illuminate\Pipeline\{closure}(Object(Illuminate\Http\Request))
#53 C:\Users\Tuitt Batch 4\Desktop\Capstone\vendor\laravel\framework\src\Illuminate\Foundation\Http\Middleware\ValidatePostSize.php(27): Illuminate\Routing\Pipeline->Illuminate\Routing\{closure}(Object(Illuminate\Http\Request))
#54 C:\Users\Tuitt Batch 4\Desktop\Capstone\vendor\laravel\framework\src\Illuminate\Pipeline\Pipeline.php(148): Illuminate\Foundation\Http\Middleware\ValidatePostSize->handle(Object(Illuminate\Http\Request), Object(Closure))
#55 C:\Users\Tuitt Batch 4\Desktop\Capstone\vendor\laravel\framework\src\Illuminate\Routing\Pipeline.php(53): Illuminate\Pipeline\Pipeline->Illuminate\Pipeline\{closure}(Object(Illuminate\Http\Request))
#56 C:\Users\Tuitt Batch 4\Desktop\Capstone\vendor\laravel\framework\src\Illuminate\Foundation\Http\Middleware\CheckForMaintenanceMode.php(46): Illuminate\Routing\Pipeline->Illuminate\Routing\{closure}(Object(Illuminate\Http\Request))
#57 C:\Users\Tuitt Batch 4\Desktop\Capstone\vendor\laravel\framework\src\Illuminate\Pipeline\Pipeline.php(148): Illuminate\Foundation\Http\Middleware\CheckForMaintenanceMode->handle(Object(Illuminate\Http\Request), Object(Closure))
#58 C:\Users\Tuitt Batch 4\Desktop\Capstone\vendor\laravel\framework\src\Illuminate\Routing\Pipeline.php(53): Illuminate\Pipeline\Pipeline->Illuminate\Pipeline\{closure}(Object(Illuminate\Http\Request))
#59 C:\Users\Tuitt Batch 4\Desktop\Capstone\vendor\laravel\framework\src\Illuminate\Pipeline\Pipeline.php(102): Illuminate\Routing\Pipeline->Illuminate\Routing\{closure}(Object(Illuminate\Http\Request))
#60 C:\Users\Tuitt Batch 4\Desktop\Capstone\vendor\laravel\framework\src\Illuminate\Foundation\Http\Kernel.php(149): Illuminate\Pipeline\Pipeline->then(Object(Closure))
#61 C:\Users\Tuitt Batch 4\Desktop\Capstone\vendor\laravel\framework\src\Illuminate\Foundation\Http\Kernel.php(116): Illuminate\Foundation\Http\Kernel->sendRequestThroughRouter(Object(Illuminate\Http\Request))
#62 C:\Users\Tuitt Batch 4\Desktop\Capstone\public\index.php(53): Illuminate\Foundation\Http\Kernel->handle(Object(Illuminate\Http\Request))
#63 C:\Users\Tuitt Batch 4\Desktop\Capstone\server.php(21): require_once('C:\\Users\\Tuitt ...')
#64 {main}  
[2017-04-25 08:37:34] local.ERROR: InvalidArgumentException: View [banner] not found. in C:\Users\Tuitt Batch 4\Desktop\Capstone\vendor\laravel\framework\src\Illuminate\View\FileViewFinder.php:137
Stack trace:
#0 C:\Users\Tuitt Batch 4\Desktop\Capstone\vendor\laravel\framework\src\Illuminate\View\FileViewFinder.php(79): Illuminate\View\FileViewFinder->findInPaths('banner', Array)
#1 C:\Users\Tuitt Batch 4\Desktop\Capstone\vendor\laravel\framework\src\Illuminate\View\Factory.php(128): Illuminate\View\FileViewFinder->find('banner')
#2 C:\Users\Tuitt Batch 4\Desktop\Capstone\vendor\laravel\framework\src\Illuminate\Foundation\helpers.php(917): Illuminate\View\Factory->make('banner', Array, Array)
#3 C:\Users\Tuitt Batch 4\Desktop\Capstone\routes\web.php(23): view('banner')
#4 C:\Users\Tuitt Batch 4\Desktop\Capstone\vendor\laravel\framework\src\Illuminate\Routing\Route.php(189): Illuminate\Routing\Router->{closure}()
#5 C:\Users\Tuitt Batch 4\Desktop\Capstone\vendor\laravel\framework\src\Illuminate\Routing\Route.php(163): Illuminate\Routing\Route->runCallable()
#6 C:\Users\Tuitt Batch 4\Desktop\Capstone\vendor\laravel\framework\src\Illuminate\Routing\Router.php(559): Illuminate\Routing\Route->run()
#7 C:\Users\Tuitt Batch 4\Desktop\Capstone\vendor\laravel\framework\src\Illuminate\Routing\Pipeline.php(30): Illuminate\Routing\Router->Illuminate\Routing\{closure}(Object(Illuminate\Http\Request))
#8 C:\Users\Tuitt Batch 4\Desktop\Capstone\vendor\laravel\framework\src\Illuminate\Routing\Middleware\SubstituteBindings.php(41): Illuminate\Routing\Pipeline->Illuminate\Routing\{closure}(Object(Illuminate\Http\Request))
#9 C:\Users\Tuitt Batch 4\Desktop\Capstone\vendor\laravel\framework\src\Illuminate\Pipeline\Pipeline.php(148): Illuminate\Routing\Middleware\SubstituteBindings->handle(Object(Illuminate\Http\Request), Object(Closure))
#10 C:\Users\Tuitt Batch 4\Desktop\Capstone\vendor\laravel\framework\src\Illuminate\Routing\Pipeline.php(53): Illuminate\Pipeline\Pipeline->Illuminate\Pipeline\{closure}(Object(Illuminate\Http\Request))
#11 C:\Users\Tuitt Batch 4\Desktop\Capstone\vendor\laravel\framework\src\Illuminate\Foundation\Http\Middleware\VerifyCsrfToken.php(65): Illuminate\Routing\Pipeline->Illuminate\Routing\{closure}(Object(Illuminate\Http\Request))
#12 C:\Users\Tuitt Batch 4\Desktop\Capstone\vendor\laravel\framework\src\Illuminate\Pipeline\Pipeline.php(148): Illuminate\Foundation\Http\Middleware\VerifyCsrfToken->handle(Object(Illuminate\Http\Request), Object(Closure))
#13 C:\Users\Tuitt Batch 4\Desktop\Capstone\vendor\laravel\framework\src\Illuminate\Routing\Pipeline.php(53): Illuminate\Pipeline\Pipeline->Illuminate\Pipeline\{closure}(Object(Illuminate\Http\Request))
#14 C:\Users\Tuitt Batch 4\Desktop\Capstone\vendor\laravel\framework\src\Illuminate\View\Middleware\ShareErrorsFromSession.php(49): Illuminate\Routing\Pipeline->Illuminate\Routing\{closure}(Object(Illuminate\Http\Request))
#15 C:\Users\Tuitt Batch 4\Desktop\Capstone\vendor\laravel\framework\src\Illuminate\Pipeline\Pipeline.php(148): Illuminate\View\Middleware\ShareErrorsFromSession->handle(Object(Illuminate\Http\Request), Object(Closure))
#16 C:\Users\Tuitt Batch 4\Desktop\Capstone\vendor\laravel\framework\src\Illuminate\Routing\Pipeline.php(53): Illuminate\Pipeline\Pipeline->Illuminate\Pipeline\{closure}(Object(Illuminate\Http\Request))
#17 C:\Users\Tuitt Batch 4\Desktop\Capstone\vendor\laravel\framework\src\Illuminate\Session\Middleware\StartSession.php(64): Illuminate\Routing\Pipeline->Illuminate\Routing\{closure}(Object(Illuminate\Http\Request))
#18 C:\Users\Tuitt Batch 4\Desktop\Capstone\vendor\laravel\framework\src\Illuminate\Pipeline\Pipeline.php(148): Illuminate\Session\Middleware\StartSession->handle(Object(Illuminate\Http\Request), Object(Closure))
#19 C:\Users\Tuitt Batch 4\Desktop\Capstone\vendor\laravel\framework\src\Illuminate\Routing\Pipeline.php(53): Illuminate\Pipeline\Pipeline->Illuminate\Pipeline\{closure}(Object(Illuminate\Http\Request))
#20 C:\Users\Tuitt Batch 4\Desktop\Capstone\vendor\laravel\framework\src\Illuminate\Cookie\Middleware\AddQueuedCookiesToResponse.php(37): Illuminate\Routing\Pipeline->Illuminate\Routing\{closure}(Object(Illuminate\Http\Request))
#21 C:\Users\Tuitt Batch 4\Desktop\Capstone\vendor\laravel\framework\src\Illuminate\Pipeline\Pipeline.php(148): Illuminate\Cookie\Middleware\AddQueuedCookiesToResponse->handle(Object(Illuminate\Http\Request), Object(Closure))
#22 C:\Users\Tuitt Batch 4\Desktop\Capstone\vendor\laravel\framework\src\Illuminate\Routing\Pipeline.php(53): Illuminate\Pipeline\Pipeline->Illuminate\Pipeline\{closure}(Object(Illuminate\Http\Request))
#23 C:\Users\Tuitt Batch 4\Desktop\Capstone\vendor\laravel\framework\src\Illuminate\Cookie\Middleware\EncryptCookies.php(59): Illuminate\Routing\Pipeline->Illuminate\Routing\{closure}(Object(Illuminate\Http\Request))
#24 C:\Users\Tuitt Batch 4\Desktop\Capstone\vendor\laravel\framework\src\Illuminate\Pipeline\Pipeline.php(148): Illuminate\Cookie\Middleware\EncryptCookies->handle(Object(Illuminate\Http\Request), Object(Closure))
#25 C:\Users\Tuitt Batch 4\Desktop\Capstone\vendor\laravel\framework\src\Illuminate\Routing\Pipeline.php(53): Illuminate\Pipeline\Pipeline->Illuminate\Pipeline\{closure}(Object(Illuminate\Http\Request))
#26 C:\Users\Tuitt Batch 4\Desktop\Capstone\vendor\laravel\framework\src\Illuminate\Pipeline\Pipeline.php(102): Illuminate\Routing\Pipeline->Illuminate\Routing\{closure}(Object(Illuminate\Http\Request))
#27 C:\Users\Tuitt Batch 4\Desktop\Capstone\vendor\laravel\framework\src\Illuminate\Routing\Router.php(561): Illuminate\Pipeline\Pipeline->then(Object(Closure))
#28 C:\Users\Tuitt Batch 4\Desktop\Capstone\vendor\laravel\framework\src\Illuminate\Routing\Router.php(520): Illuminate\Routing\Router->runRouteWithinStack(Object(Illuminate\Routing\Route), Object(Illuminate\Http\Request))
#29 C:\Users\Tuitt Batch 4\Desktop\Capstone\vendor\laravel\framework\src\Illuminate\Routing\Router.php(498): Illuminate\Routing\Router->dispatchToRoute(Object(Illuminate\Http\Request))
#30 C:\Users\Tuitt Batch 4\Desktop\Capstone\vendor\laravel\framework\src\Illuminate\Foundation\Http\Kernel.php(174): Illuminate\Routing\Router->dispatch(Object(Illuminate\Http\Request))
#31 C:\Users\Tuitt Batch 4\Desktop\Capstone\vendor\laravel\framework\src\Illuminate\Routing\Pipeline.php(30): Illuminate\Foundation\Http\Kernel->Illuminate\Foundation\Http\{closure}(Object(Illuminate\Http\Request))
#32 C:\Users\Tuitt Batch 4\Desktop\Capstone\vendor\laravel\framework\src\Illuminate\Foundation\Http\Middleware\TransformsRequest.php(30): Illuminate\Routing\Pipeline->Illuminate\Routing\{closure}(Object(Illuminate\Http\Request))
#33 C:\Users\Tuitt Batch 4\Desktop\Capstone\vendor\laravel\framework\src\Illuminate\Pipeline\Pipeline.php(148): Illuminate\Foundation\Http\Middleware\TransformsRequest->handle(Object(Illuminate\Http\Request), Object(Closure))
#34 C:\Users\Tuitt Batch 4\Desktop\Capstone\vendor\laravel\framework\src\Illuminate\Routing\Pipeline.php(53): Illuminate\Pipeline\Pipeline->Illuminate\Pipeline\{closure}(Object(Illuminate\Http\Request))
#35 C:\Users\Tuitt Batch 4\Desktop\Capstone\vendor\laravel\framework\src\Illuminate\Foundation\Http\Middleware\TransformsRequest.php(30): Illuminate\Routing\Pipeline->Illuminate\Routing\{closure}(Object(Illuminate\Http\Request))
#36 C:\Users\Tuitt Batch 4\Desktop\Capstone\vendor\laravel\framework\src\Illuminate\Pipeline\Pipeline.php(148): Illuminate\Foundation\Http\Middleware\TransformsRequest->handle(Object(Illuminate\Http\Request), Object(Closure))
#37 C:\Users\Tuitt Batch 4\Desktop\Capstone\vendor\laravel\framework\src\Illuminate\Routing\Pipeline.php(53): Illuminate\Pipeline\Pipeline->Illuminate\Pipeline\{closure}(Object(Illuminate\Http\Request))
#38 C:\Users\Tuitt Batch 4\Desktop\Capstone\vendor\laravel\framework\src\Illuminate\Foundation\Http\Middleware\ValidatePostSize.php(27): Illuminate\Routing\Pipeline->Illuminate\Routing\{closure}(Object(Illuminate\Http\Request))
#39 C:\Users\Tuitt Batch 4\Desktop\Capstone\vendor\laravel\framework\src\Illuminate\Pipeline\Pipeline.php(148): Illuminate\Foundation\Http\Middleware\ValidatePostSize->handle(Object(Illuminate\Http\Request), Object(Closure))
#40 C:\Users\Tuitt Batch 4\Desktop\Capstone\vendor\laravel\framework\src\Illuminate\Routing\Pipeline.php(53): Illuminate\Pipeline\Pipeline->Illuminate\Pipeline\{closure}(Object(Illuminate\Http\Request))
#41 C:\Users\Tuitt Batch 4\Desktop\Capstone\vendor\laravel\framework\src\Illuminate\Foundation\Http\Middleware\CheckForMaintenanceMode.php(46): Illuminate\Routing\Pipeline->Illuminate\Routing\{closure}(Object(Illuminate\Http\Request))
#42 C:\Users\Tuitt Batch 4\Desktop\Capstone\vendor\laravel\framework\src\Illuminate\Pipeline\Pipeline.php(148): Illuminate\Foundation\Http\Middleware\CheckForMaintenanceMode->handle(Object(Illuminate\Http\Request), Object(Closure))
#43 C:\Users\Tuitt Batch 4\Desktop\Capstone\vendor\laravel\framework\src\Illuminate\Routing\Pipeline.php(53): Illuminate\Pipeline\Pipeline->Illuminate\Pipeline\{closure}(Object(Illuminate\Http\Request))
#44 C:\Users\Tuitt Batch 4\Desktop\Capstone\vendor\laravel\framework\src\Illuminate\Pipeline\Pipeline.php(102): Illuminate\Routing\Pipeline->Illuminate\Routing\{closure}(Object(Illuminate\Http\Request))
#45 C:\Users\Tuitt Batch 4\Desktop\Capstone\vendor\laravel\framework\src\Illuminate\Foundation\Http\Kernel.php(149): Illuminate\Pipeline\Pipeline->then(Object(Closure))
#46 C:\Users\Tuitt Batch 4\Desktop\Capstone\vendor\laravel\framework\src\Illuminate\Foundation\Http\Kernel.php(116): Illuminate\Foundation\Http\Kernel->sendRequestThroughRouter(Object(Illuminate\Http\Request))
#47 C:\Users\Tuitt Batch 4\Desktop\Capstone\public\index.php(53): Illuminate\Foundation\Http\Kernel->handle(Object(Illuminate\Http\Request))
#48 C:\Users\Tuitt Batch 4\Desktop\Capstone\server.php(21): require_once('C:\\Users\\Tuitt ...')
#49 {main}  
